{"/Users/tyler/Documents/Projects/TestingReactRedux-KDoddsFEM/subtract.js": {"path":"/Users/tyler/Documents/Projects/TestingReactRedux-KDoddsFEM/subtract.js","statementMap":{"0":{"start":{"line":1,"column":0},"end":{"line":null,"column":-1}},"1":{"start":{"line":2,"column":2},"end":{"line":null,"column":-1}}},"fnMap":{"0":{"name":"(anonymous_0)","decl":{"start":{"line":1,"column":17},"end":{"line":1,"column":26}},"loc":{"start":{"line":1,"column":33},"end":{"line":1,"column":0}}}},"branchMap":{},"s":{"0":0,"1":0},"f":{"0":0},"b":{}}
,"/Users/tyler/Documents/Projects/TestingReactRedux-KDoddsFEM/sum.js": {"path":"/Users/tyler/Documents/Projects/TestingReactRedux-KDoddsFEM/sum.js","statementMap":{"0":{"start":{"line":1,"column":0},"end":{"line":null,"column":-1}},"1":{"start":{"line":4,"column":2},"end":{"line":null,"column":-1}}},"fnMap":{"0":{"name":"sum","decl":{"start":{"line":3,"column":9},"end":{"line":3,"column":0}},"loc":{"start":{"line":3,"column":19},"end":{"line":5,"column":1}}}},"branchMap":{},"s":{"0":0,"1":0},"f":{"0":0},"b":{}}
}
